{"/Users/azzamydev/Library/frame/backend/src/config/prisma/prisma.service.ts": {"path":"/Users/azzamydev/Library/frame/backend/src/config/prisma/prisma.service.ts","statementMap":{"0":{"start":{"line":1,"column":0},"end":{"line":1,"column":60}},"1":{"start":{"line":2,"column":0},"end":{"line":2,"column":45}},"2":{"start":{"line":3,"column":0},"end":{"line":3,"column":55}},"3":{"start":{"line":6,"column":7},"end":{"line":18,"column":null}},"4":{"start":{"line":8,"column":20},"end":{"line":8,"column":44}},"5":{"start":{"line":9,"column":8},"end":{"line":9,"column":null}},"6":{"start":{"line":9,"column":18},"end":{"line":9,"column":null}},"7":{"start":{"line":10,"column":8},"end":{"line":12,"column":null}},"8":{"start":{"line":16,"column":8},"end":{"line":16,"column":null}},"9":{"start":{"line":6,"column":13},"end":{"line":6,"column":26}},"10":{"start":{"line":6,"column":13},"end":{"line":18,"column":null}}},"fnMap":{"0":{"name":"(anonymous_2)","decl":{"start":{"line":7,"column":4},"end":{"line":7,"column":null}},"loc":{"start":{"line":7,"column":4},"end":{"line":13,"column":5}}},"1":{"name":"(anonymous_3)","decl":{"start":{"line":15,"column":4},"end":{"line":15,"column":9}},"loc":{"start":{"line":15,"column":25},"end":{"line":17,"column":5}}}},"branchMap":{"0":{"loc":{"start":{"line":9,"column":8},"end":{"line":9,"column":null}},"type":"if","locations":[{"start":{"line":9,"column":8},"end":{"line":9,"column":null}},{"start":{},"end":{}}]}},"s":{"0":4,"1":4,"2":4,"3":4,"4":0,"5":0,"6":0,"7":0,"8":0,"9":4,"10":4},"f":{"0":0,"1":0},"b":{"0":[0,0]}}
,"/Users/azzamydev/Library/frame/backend/src/features/auth/auth.controller.ts": {"path":"/Users/azzamydev/Library/frame/backend/src/features/auth/auth.controller.ts","statementMap":{"0":{"start":{"line":1,"column":0},"end":{"line":1,"column":null}},"1":{"start":{"line":13,"column":0},"end":{"line":13,"column":36}},"2":{"start":{"line":14,"column":0},"end":{"line":14,"column":44}},"3":{"start":{"line":15,"column":0},"end":{"line":15,"column":43}},"4":{"start":{"line":16,"column":0},"end":{"line":16,"column":65}},"5":{"start":{"line":17,"column":0},"end":{"line":17,"column":48}},"6":{"start":{"line":18,"column":0},"end":{"line":18,"column":42}},"7":{"start":{"line":19,"column":0},"end":{"line":19,"column":46}},"8":{"start":{"line":20,"column":0},"end":{"line":20,"column":57}},"9":{"start":{"line":23,"column":7},"end":{"line":79,"column":null}},"10":{"start":{"line":24,"column":22},"end":{"line":24,"column":35}},"11":{"start":{"line":28,"column":4},"end":{"line":28,"column":null}},"12":{"start":{"line":34,"column":4},"end":{"line":34,"column":null}},"13":{"start":{"line":40,"column":4},"end":{"line":40,"column":null}},"14":{"start":{"line":47,"column":4},"end":{"line":47,"column":null}},"15":{"start":{"line":52,"column":18},"end":{"line":52,"column":49}},"16":{"start":{"line":53,"column":4},"end":{"line":53,"column":null}},"17":{"start":{"line":54,"column":4},"end":{"line":54,"column":null}},"18":{"start":{"line":64,"column":24},"end":{"line":64,"column":52}},"19":{"start":{"line":65,"column":4},"end":{"line":65,"column":null}},"20":{"start":{"line":67,"column":4},"end":{"line":69,"column":5}},"21":{"start":{"line":68,"column":6},"end":{"line":68,"column":null}},"22":{"start":{"line":71,"column":4},"end":{"line":77,"column":5}},"23":{"start":{"line":72,"column":44},"end":{"line":72,"column":93}},"24":{"start":{"line":73,"column":19},"end":{"line":73,"column":116}},"25":{"start":{"line":74,"column":6},"end":{"line":74,"column":null}},"26":{"start":{"line":76,"column":6},"end":{"line":76,"column":null}},"27":{"start":{"line":23,"column":13},"end":{"line":23,"column":27}},"28":{"start":{"line":27,"column":2},"end":{"line":29,"column":null}},"29":{"start":{"line":33,"column":2},"end":{"line":35,"column":null}},"30":{"start":{"line":39,"column":2},"end":{"line":41,"column":null}},"31":{"start":{"line":46,"column":2},"end":{"line":48,"column":null}},"32":{"start":{"line":51,"column":2},"end":{"line":55,"column":null}},"33":{"start":{"line":58,"column":8},"end":{"line":78,"column":null}},"34":{"start":{"line":23,"column":13},"end":{"line":79,"column":null}}},"fnMap":{"0":{"name":"(anonymous_4)","decl":{"start":{"line":24,"column":2},"end":{"line":24,"column":22}},"loc":{"start":{"line":24,"column":46},"end":{"line":24,"column":50}}},"1":{"name":"(anonymous_5)","decl":{"start":{"line":27,"column":2},"end":{"line":27,"column":10}},"loc":{"start":{"line":27,"column":35},"end":{"line":29,"column":3}}},"2":{"name":"(anonymous_6)","decl":{"start":{"line":33,"column":2},"end":{"line":33,"column":7}},"loc":{"start":{"line":33,"column":29},"end":{"line":35,"column":3}}},"3":{"name":"(anonymous_7)","decl":{"start":{"line":39,"column":2},"end":{"line":39,"column":9}},"loc":{"start":{"line":39,"column":33},"end":{"line":41,"column":3}}},"4":{"name":"(anonymous_8)","decl":{"start":{"line":46,"column":2},"end":{"line":46,"column":8}},"loc":{"start":{"line":46,"column":78},"end":{"line":48,"column":3}}},"5":{"name":"(anonymous_9)","decl":{"start":{"line":51,"column":2},"end":{"line":51,"column":13}},"loc":{"start":{"line":51,"column":34},"end":{"line":55,"column":3}}},"6":{"name":"(anonymous_10)","decl":{"start":{"line":58,"column":8},"end":{"line":58,"column":22}},"loc":{"start":{"line":62,"column":24},"end":{"line":78,"column":3}}}},"branchMap":{"0":{"loc":{"start":{"line":67,"column":4},"end":{"line":69,"column":5}},"type":"if","locations":[{"start":{"line":67,"column":4},"end":{"line":69,"column":5}},{"start":{},"end":{}}]},"1":{"loc":{"start":{"line":67,"column":8},"end":{"line":67,"column":48}},"type":"binary-expr","locations":[{"start":{"line":67,"column":8},"end":{"line":67,"column":13}},{"start":{"line":67,"column":17},"end":{"line":67,"column":23}},{"start":{"line":67,"column":27},"end":{"line":67,"column":48}}]}},"s":{"0":0,"1":0,"2":0,"3":0,"4":0,"5":0,"6":0,"7":0,"8":0,"9":0,"10":0,"11":0,"12":0,"13":0,"14":0,"15":0,"16":0,"17":0,"18":0,"19":0,"20":0,"21":0,"22":0,"23":0,"24":0,"25":0,"26":0,"27":0,"28":0,"29":0,"30":0,"31":0,"32":0,"33":0,"34":0},"f":{"0":0,"1":0,"2":0,"3":0,"4":0,"5":0,"6":0},"b":{"0":[0,0],"1":[0,0,0]}}
,"/Users/azzamydev/Library/frame/backend/src/features/auth/auth.guard.ts": {"path":"/Users/azzamydev/Library/frame/backend/src/features/auth/auth.guard.ts","statementMap":{"0":{"start":{"line":1,"column":0},"end":{"line":1,"column":null}},"1":{"start":{"line":7,"column":0},"end":{"line":7,"column":53}},"2":{"start":{"line":10,"column":7},"end":{"line":26,"column":null}},"3":{"start":{"line":12,"column":16},"end":{"line":12,"column":51}},"4":{"start":{"line":13,"column":25},"end":{"line":13,"column":59}},"5":{"start":{"line":14,"column":4},"end":{"line":16,"column":5}},"6":{"start":{"line":15,"column":6},"end":{"line":15,"column":null}},"7":{"start":{"line":17,"column":18},"end":{"line":17,"column":31}},"8":{"start":{"line":18,"column":4},"end":{"line":24,"column":5}},"9":{"start":{"line":19,"column":22},"end":{"line":19,"column":46}},"10":{"start":{"line":20,"column":6},"end":{"line":20,"column":null}},"11":{"start":{"line":21,"column":6},"end":{"line":21,"column":null}},"12":{"start":{"line":23,"column":6},"end":{"line":23,"column":null}},"13":{"start":{"line":10,"column":13},"end":{"line":10,"column":25}},"14":{"start":{"line":10,"column":13},"end":{"line":26,"column":null}}},"fnMap":{"0":{"name":"(anonymous_1)","decl":{"start":{"line":11,"column":2},"end":{"line":11,"column":13}},"loc":{"start":{"line":11,"column":39},"end":{"line":25,"column":3}}}},"branchMap":{"0":{"loc":{"start":{"line":13,"column":25},"end":{"line":13,"column":59}},"type":"binary-expr","locations":[{"start":{"line":13,"column":25},"end":{"line":13,"column":53}},{"start":{"line":13,"column":57},"end":{"line":13,"column":59}}]},"1":{"loc":{"start":{"line":14,"column":4},"end":{"line":16,"column":5}},"type":"if","locations":[{"start":{"line":14,"column":4},"end":{"line":16,"column":5}},{"start":{},"end":{}}]}},"s":{"0":1,"1":1,"2":1,"3":5,"4":5,"5":5,"6":2,"7":3,"8":3,"9":3,"10":1,"11":1,"12":2,"13":1,"14":1},"f":{"0":5},"b":{"0":[5,1],"1":[2,3]}}
,"/Users/azzamydev/Library/frame/backend/src/features/auth/auth.service.ts": {"path":"/Users/azzamydev/Library/frame/backend/src/features/auth/auth.service.ts","statementMap":{"0":{"start":{"line":1,"column":0},"end":{"line":1,"column":85}},"1":{"start":{"line":2,"column":0},"end":{"line":2,"column":66}},"2":{"start":{"line":3,"column":0},"end":{"line":3,"column":65}},"3":{"start":{"line":4,"column":0},"end":{"line":4,"column":89}},"4":{"start":{"line":5,"column":0},"end":{"line":5,"column":47}},"5":{"start":{"line":6,"column":0},"end":{"line":6,"column":null}},"6":{"start":{"line":13,"column":0},"end":{"line":13,"column":36}},"7":{"start":{"line":16,"column":7},"end":{"line":157,"column":null}},"8":{"start":{"line":17,"column":22},"end":{"line":17,"column":30}},"9":{"start":{"line":20,"column":19},"end":{"line":26,"column":6}},"10":{"start":{"line":27,"column":4},"end":{"line":27,"column":null}},"11":{"start":{"line":31,"column":21},"end":{"line":31,"column":87}},"12":{"start":{"line":32,"column":4},"end":{"line":32,"column":null}},"13":{"start":{"line":32,"column":18},"end":{"line":32,"column":null}},"14":{"start":{"line":34,"column":25},"end":{"line":34,"column":57}},"15":{"start":{"line":35,"column":17},"end":{"line":37,"column":6}},"16":{"start":{"line":40,"column":29},"end":{"line":43,"column":6}},"17":{"start":{"line":45,"column":4},"end":{"line":45,"column":null}},"18":{"start":{"line":49,"column":17},"end":{"line":49,"column":83}},"19":{"start":{"line":50,"column":4},"end":{"line":50,"column":null}},"20":{"start":{"line":50,"column":37},"end":{"line":50,"column":null}},"21":{"start":{"line":52,"column":18},"end":{"line":52,"column":71}},"22":{"start":{"line":53,"column":4},"end":{"line":53,"column":null}},"23":{"start":{"line":53,"column":16},"end":{"line":53,"column":null}},"24":{"start":{"line":55,"column":25},"end":{"line":55,"column":63}},"25":{"start":{"line":56,"column":4},"end":{"line":56,"column":null}},"26":{"start":{"line":61,"column":4},"end":{"line":65,"column":5}},"27":{"start":{"line":62,"column":6},"end":{"line":62,"column":null}},"28":{"start":{"line":64,"column":6},"end":{"line":64,"column":null}},"29":{"start":{"line":67,"column":19},"end":{"line":67,"column":92}},"30":{"start":{"line":69,"column":4},"end":{"line":78,"column":5}},"31":{"start":{"line":71,"column":6},"end":{"line":76,"column":7}},"32":{"start":{"line":72,"column":8},"end":{"line":75,"column":null}},"33":{"start":{"line":77,"column":6},"end":{"line":77,"column":null}},"34":{"start":{"line":81,"column":29},"end":{"line":84,"column":6}},"35":{"start":{"line":86,"column":4},"end":{"line":86,"column":null}},"36":{"start":{"line":90,"column":4},"end":{"line":99,"column":5}},"37":{"start":{"line":91,"column":22},"end":{"line":91,"column":57}},"38":{"start":{"line":92,"column":6},"end":{"line":92,"column":40}},"39":{"start":{"line":92,"column":34},"end":{"line":92,"column":40}},"40":{"start":{"line":93,"column":6},"end":{"line":96,"column":null}},"41":{"start":{"line":103,"column":20},"end":{"line":103,"column":50}},"42":{"start":{"line":106,"column":35},"end":{"line":109,"column":6}},"43":{"start":{"line":111,"column":18},"end":{"line":111,"column":46}},"44":{"start":{"line":114,"column":15},"end":{"line":114,"column":92}},"45":{"start":{"line":115,"column":4},"end":{"line":117,"column":5}},"46":{"start":{"line":116,"column":6},"end":{"line":116,"column":null}},"47":{"start":{"line":121,"column":4},"end":{"line":153,"column":5}},"48":{"start":{"line":123,"column":35},"end":{"line":134,"column":8}},"49":{"start":{"line":135,"column":6},"end":{"line":135,"column":null}},"50":{"start":{"line":136,"column":6},"end":{"line":136,"column":null}},"51":{"start":{"line":138,"column":6},"end":{"line":146,"column":null}},"52":{"start":{"line":148,"column":24},"end":{"line":151,"column":8}},"53":{"start":{"line":152,"column":6},"end":{"line":152,"column":null}},"54":{"start":{"line":155,"column":4},"end":{"line":155,"column":null}},"55":{"start":{"line":16,"column":13},"end":{"line":16,"column":24}},"56":{"start":{"line":16,"column":13},"end":{"line":157,"column":null}}},"fnMap":{"0":{"name":"(anonymous_2)","decl":{"start":{"line":17,"column":2},"end":{"line":17,"column":22}},"loc":{"start":{"line":17,"column":43},"end":{"line":17,"column":47}}},"1":{"name":"(anonymous_3)","decl":{"start":{"line":19,"column":10},"end":{"line":19,"column":15}},"loc":{"start":{"line":19,"column":49},"end":{"line":28,"column":3}}},"2":{"name":"(anonymous_4)","decl":{"start":{"line":30,"column":2},"end":{"line":30,"column":7}},"loc":{"start":{"line":30,"column":33},"end":{"line":46,"column":3}}},"3":{"name":"(anonymous_5)","decl":{"start":{"line":48,"column":2},"end":{"line":48,"column":7}},"loc":{"start":{"line":48,"column":27},"end":{"line":57,"column":3}}},"4":{"name":"(anonymous_6)","decl":{"start":{"line":59,"column":2},"end":{"line":59,"column":7}},"loc":{"start":{"line":59,"column":39},"end":{"line":87,"column":3}}},"5":{"name":"(anonymous_7)","decl":{"start":{"line":89,"column":2},"end":{"line":89,"column":7}},"loc":{"start":{"line":89,"column":54},"end":{"line":100,"column":3}}},"6":{"name":"(anonymous_8)","decl":{"start":{"line":102,"column":2},"end":{"line":102,"column":7}},"loc":{"start":{"line":102,"column":41},"end":{"line":156,"column":3}}}},"branchMap":{"0":{"loc":{"start":{"line":32,"column":4},"end":{"line":32,"column":null}},"type":"if","locations":[{"start":{"line":32,"column":4},"end":{"line":32,"column":null}},{"start":{},"end":{}}]},"1":{"loc":{"start":{"line":50,"column":4},"end":{"line":50,"column":null}},"type":"if","locations":[{"start":{"line":50,"column":4},"end":{"line":50,"column":null}},{"start":{},"end":{}}]},"2":{"loc":{"start":{"line":50,"column":8},"end":{"line":50,"column":35}},"type":"binary-expr","locations":[{"start":{"line":50,"column":8},"end":{"line":50,"column":13}},{"start":{"line":50,"column":17},"end":{"line":50,"column":35}}]},"3":{"loc":{"start":{"line":53,"column":4},"end":{"line":53,"column":null}},"type":"if","locations":[{"start":{"line":53,"column":4},"end":{"line":53,"column":null}},{"start":{},"end":{}}]},"4":{"loc":{"start":{"line":69,"column":4},"end":{"line":78,"column":5}},"type":"if","locations":[{"start":{"line":69,"column":4},"end":{"line":78,"column":5}},{"start":{},"end":{}}]},"5":{"loc":{"start":{"line":69,"column":8},"end":{"line":69,"column":101}},"type":"binary-expr","locations":[{"start":{"line":69,"column":8},"end":{"line":69,"column":15}},{"start":{"line":69,"column":19},"end":{"line":69,"column":35}},{"start":{"line":69,"column":39},"end":{"line":69,"column":68}},{"start":{"line":69,"column":72},"end":{"line":69,"column":101}}]},"6":{"loc":{"start":{"line":71,"column":6},"end":{"line":76,"column":7}},"type":"if","locations":[{"start":{"line":71,"column":6},"end":{"line":76,"column":7}},{"start":{},"end":{}}]},"7":{"loc":{"start":{"line":92,"column":6},"end":{"line":92,"column":40}},"type":"if","locations":[{"start":{"line":92,"column":6},"end":{"line":92,"column":40}},{"start":{},"end":{}}]},"8":{"loc":{"start":{"line":111,"column":18},"end":{"line":111,"column":46}},"type":"binary-expr","locations":[{"start":{"line":111,"column":18},"end":{"line":111,"column":30}},{"start":{"line":111,"column":34},"end":{"line":111,"column":46}}]},"9":{"loc":{"start":{"line":115,"column":4},"end":{"line":117,"column":5}},"type":"if","locations":[{"start":{"line":115,"column":4},"end":{"line":117,"column":5}},{"start":{},"end":{}}]},"10":{"loc":{"start":{"line":115,"column":8},"end":{"line":115,"column":22}},"type":"binary-expr","locations":[{"start":{"line":115,"column":8},"end":{"line":115,"column":13}},{"start":{"line":115,"column":17},"end":{"line":115,"column":22}}]},"11":{"loc":{"start":{"line":121,"column":4},"end":{"line":153,"column":5}},"type":"if","locations":[{"start":{"line":121,"column":4},"end":{"line":153,"column":5}},{"start":{"line":137,"column":11},"end":{"line":153,"column":5}}]},"12":{"loc":{"start":{"line":130,"column":18},"end":{"line":130,"column":42}},"type":"binary-expr","locations":[{"start":{"line":130,"column":18},"end":{"line":130,"column":27}},{"start":{"line":130,"column":31},"end":{"line":130,"column":42}}]}},"s":{"0":1,"1":1,"2":1,"3":1,"4":1,"5":1,"6":1,"7":1,"8":16,"9":5,"10":5,"11":2,"12":2,"13":1,"14":1,"15":1,"16":1,"17":1,"18":4,"19":4,"20":2,"21":2,"22":2,"23":1,"24":1,"25":1,"26":5,"27":5,"28":1,"29":4,"30":4,"31":3,"32":3,"33":3,"34":1,"35":1,"36":3,"37":3,"38":2,"39":1,"40":1,"41":2,"42":2,"43":2,"44":2,"45":2,"46":1,"47":2,"48":1,"49":1,"50":1,"51":1,"52":1,"53":1,"54":2,"55":1,"56":1},"f":{"0":16,"1":5,"2":2,"3":4,"4":5,"5":3,"6":2},"b":{"0":[1,1],"1":[2,2],"2":[4,3],"3":[1,1],"4":[3,1],"5":[4,4,3,2],"6":[3,0],"7":[1,1],"8":[2,0],"9":[1,1],"10":[2,1],"11":[1,1],"12":[1,0]}}
,"/Users/azzamydev/Library/frame/backend/src/features/auth/decorators/current-user.decorator.ts": {"path":"/Users/azzamydev/Library/frame/backend/src/features/auth/decorators/current-user.decorator.ts","statementMap":{"0":{"start":{"line":1,"column":0},"end":{"line":1,"column":71}},"1":{"start":{"line":3,"column":13},"end":{"line":8,"column":null}},"2":{"start":{"line":5,"column":20},"end":{"line":5,"column":51}},"3":{"start":{"line":6,"column":4},"end":{"line":6,"column":null}}},"fnMap":{"0":{"name":"(anonymous_0)","decl":{"start":{"line":4,"column":2},"end":{"line":4,"column":3}},"loc":{"start":{"line":4,"column":52},"end":{"line":7,"column":3}}}},"branchMap":{},"s":{"0":0,"1":0,"2":0,"3":0},"f":{"0":0},"b":{}}
,"/Users/azzamydev/Library/frame/backend/src/features/diagrams/diagrams.controller.ts": {"path":"/Users/azzamydev/Library/frame/backend/src/features/diagrams/diagrams.controller.ts","statementMap":{"0":{"start":{"line":1,"column":0},"end":{"line":1,"column":null}},"1":{"start":{"line":13,"column":0},"end":{"line":13,"column":49}},"2":{"start":{"line":14,"column":0},"end":{"line":14,"column":71}},"3":{"start":{"line":15,"column":0},"end":{"line":15,"column":52}},"4":{"start":{"line":16,"column":0},"end":{"line":16,"column":59}},"5":{"start":{"line":17,"column":0},"end":{"line":17,"column":59}},"6":{"start":{"line":18,"column":0},"end":{"line":18,"column":59}},"7":{"start":{"line":22,"column":7},"end":{"line":77,"column":null}},"8":{"start":{"line":23,"column":22},"end":{"line":23,"column":39}},"9":{"start":{"line":27,"column":4},"end":{"line":27,"column":null}},"10":{"start":{"line":36,"column":4},"end":{"line":36,"column":null}},"11":{"start":{"line":45,"column":4},"end":{"line":45,"column":null}},"12":{"start":{"line":55,"column":4},"end":{"line":55,"column":null}},"13":{"start":{"line":65,"column":4},"end":{"line":65,"column":null}},"14":{"start":{"line":75,"column":4},"end":{"line":75,"column":null}},"15":{"start":{"line":22,"column":13},"end":{"line":22,"column":31}},"16":{"start":{"line":26,"column":2},"end":{"line":28,"column":null}},"17":{"start":{"line":31,"column":2},"end":{"line":37,"column":null}},"18":{"start":{"line":40,"column":2},"end":{"line":46,"column":null}},"19":{"start":{"line":49,"column":2},"end":{"line":56,"column":null}},"20":{"start":{"line":59,"column":2},"end":{"line":66,"column":null}},"21":{"start":{"line":70,"column":2},"end":{"line":76,"column":null}},"22":{"start":{"line":22,"column":13},"end":{"line":77,"column":null}}},"fnMap":{"0":{"name":"(anonymous_4)","decl":{"start":{"line":23,"column":2},"end":{"line":23,"column":22}},"loc":{"start":{"line":23,"column":54},"end":{"line":23,"column":58}}},"1":{"name":"(anonymous_5)","decl":{"start":{"line":26,"column":2},"end":{"line":26,"column":9}},"loc":{"start":{"line":26,"column":78},"end":{"line":28,"column":3}}},"2":{"name":"(anonymous_6)","decl":{"start":{"line":31,"column":2},"end":{"line":31,"column":9}},"loc":{"start":{"line":34,"column":27},"end":{"line":37,"column":3}}},"3":{"name":"(anonymous_7)","decl":{"start":{"line":40,"column":2},"end":{"line":40,"column":8}},"loc":{"start":{"line":43,"column":33},"end":{"line":46,"column":3}}},"4":{"name":"(anonymous_8)","decl":{"start":{"line":49,"column":2},"end":{"line":49,"column":8}},"loc":{"start":{"line":53,"column":33},"end":{"line":56,"column":3}}},"5":{"name":"(anonymous_9)","decl":{"start":{"line":59,"column":2},"end":{"line":59,"column":8}},"loc":{"start":{"line":63,"column":33},"end":{"line":66,"column":3}}},"6":{"name":"(anonymous_10)","decl":{"start":{"line":70,"column":2},"end":{"line":70,"column":8}},"loc":{"start":{"line":73,"column":27},"end":{"line":76,"column":3}}}},"branchMap":{},"s":{"0":0,"1":0,"2":0,"3":0,"4":0,"5":0,"6":0,"7":0,"8":0,"9":0,"10":0,"11":0,"12":0,"13":0,"14":0,"15":0,"16":0,"17":0,"18":0,"19":0,"20":0,"21":0,"22":0},"f":{"0":0,"1":0,"2":0,"3":0,"4":0,"5":0,"6":0},"b":{}}
,"/Users/azzamydev/Library/frame/backend/src/features/diagrams/diagrams.service.ts": {"path":"/Users/azzamydev/Library/frame/backend/src/features/diagrams/diagrams.service.ts","statementMap":{"0":{"start":{"line":1,"column":0},"end":{"line":1,"column":62}},"1":{"start":{"line":2,"column":0},"end":{"line":2,"column":66}},"2":{"start":{"line":7,"column":7},"end":{"line":65,"column":null}},"3":{"start":{"line":8,"column":22},"end":{"line":8,"column":30}},"4":{"start":{"line":12,"column":20},"end":{"line":14,"column":6}},"5":{"start":{"line":15,"column":4},"end":{"line":15,"column":null}},"6":{"start":{"line":15,"column":18},"end":{"line":15,"column":null}},"7":{"start":{"line":16,"column":4},"end":{"line":16,"column":null}},"8":{"start":{"line":20,"column":21},"end":{"line":24,"column":6}},"9":{"start":{"line":25,"column":4},"end":{"line":25,"column":null}},"10":{"start":{"line":29,"column":4},"end":{"line":29,"column":null}},"11":{"start":{"line":33,"column":20},"end":{"line":33,"column":93}},"12":{"start":{"line":34,"column":4},"end":{"line":34,"column":null}},"13":{"start":{"line":34,"column":18},"end":{"line":34,"column":null}},"14":{"start":{"line":36,"column":4},"end":{"line":38,"column":null}},"15":{"start":{"line":42,"column":4},"end":{"line":42,"column":null}},"16":{"start":{"line":45,"column":17},"end":{"line":46,"column":null}},"17":{"start":{"line":46,"column":44},"end":{"line":46,"column":59}},"18":{"start":{"line":49,"column":4},"end":{"line":49,"column":null}},"19":{"start":{"line":53,"column":4},"end":{"line":53,"column":null}},"20":{"start":{"line":54,"column":4},"end":{"line":58,"column":null}},"21":{"start":{"line":62,"column":4},"end":{"line":62,"column":null}},"22":{"start":{"line":63,"column":4},"end":{"line":63,"column":null}},"23":{"start":{"line":7,"column":13},"end":{"line":7,"column":28}},"24":{"start":{"line":7,"column":13},"end":{"line":65,"column":null}}},"fnMap":{"0":{"name":"(anonymous_2)","decl":{"start":{"line":8,"column":2},"end":{"line":8,"column":22}},"loc":{"start":{"line":8,"column":43},"end":{"line":8,"column":47}}},"1":{"name":"(anonymous_3)","decl":{"start":{"line":11,"column":10},"end":{"line":11,"column":15}},"loc":{"start":{"line":11,"column":80},"end":{"line":17,"column":3}}},"2":{"name":"(anonymous_4)","decl":{"start":{"line":19,"column":2},"end":{"line":19,"column":7}},"loc":{"start":{"line":19,"column":49},"end":{"line":26,"column":3}}},"3":{"name":"(anonymous_5)","decl":{"start":{"line":28,"column":2},"end":{"line":28,"column":7}},"loc":{"start":{"line":28,"column":68},"end":{"line":30,"column":3}}},"4":{"name":"(anonymous_6)","decl":{"start":{"line":32,"column":2},"end":{"line":32,"column":7}},"loc":{"start":{"line":32,"column":71},"end":{"line":39,"column":3}}},"5":{"name":"(anonymous_7)","decl":{"start":{"line":41,"column":2},"end":{"line":41,"column":7}},"loc":{"start":{"line":41,"column":90},"end":{"line":50,"column":3}}},"6":{"name":"(anonymous_8)","decl":{"start":{"line":46,"column":33},"end":{"line":46,"column":34}},"loc":{"start":{"line":46,"column":44},"end":{"line":46,"column":59}}},"7":{"name":"(anonymous_9)","decl":{"start":{"line":52,"column":2},"end":{"line":52,"column":7}},"loc":{"start":{"line":52,"column":81},"end":{"line":59,"column":3}}},"8":{"name":"(anonymous_10)","decl":{"start":{"line":61,"column":2},"end":{"line":61,"column":7}},"loc":{"start":{"line":61,"column":67},"end":{"line":64,"column":3}}}},"branchMap":{"0":{"loc":{"start":{"line":15,"column":4},"end":{"line":15,"column":null}},"type":"if","locations":[{"start":{"line":15,"column":4},"end":{"line":15,"column":null}},{"start":{},"end":{}}]},"1":{"loc":{"start":{"line":34,"column":4},"end":{"line":34,"column":null}},"type":"if","locations":[{"start":{"line":34,"column":4},"end":{"line":34,"column":null}},{"start":{},"end":{}}]},"2":{"loc":{"start":{"line":37,"column":51},"end":{"line":37,"column":69}},"type":"binary-expr","locations":[{"start":{"line":37,"column":51},"end":{"line":37,"column":63}},{"start":{"line":37,"column":67},"end":{"line":37,"column":69}}]}},"s":{"0":1,"1":1,"2":1,"3":14,"4":9,"5":9,"6":4,"7":5,"8":2,"9":2,"10":2,"11":3,"12":3,"13":1,"14":2,"15":3,"16":2,"17":3,"18":2,"19":2,"20":1,"21":2,"22":1,"23":1,"24":1},"f":{"0":14,"1":9,"2":2,"3":2,"4":3,"5":3,"6":3,"7":2,"8":2},"b":{"0":[4,5],"1":[1,2],"2":[2,1]}}
,"/Users/azzamydev/Library/frame/backend/src/features/projects/projects.controller.ts": {"path":"/Users/azzamydev/Library/frame/backend/src/features/projects/projects.controller.ts","statementMap":{"0":{"start":{"line":1,"column":0},"end":{"line":1,"column":null}},"1":{"start":{"line":12,"column":0},"end":{"line":12,"column":49}},"2":{"start":{"line":13,"column":0},"end":{"line":13,"column":71}},"3":{"start":{"line":14,"column":0},"end":{"line":14,"column":52}},"4":{"start":{"line":15,"column":0},"end":{"line":15,"column":59}},"5":{"start":{"line":16,"column":0},"end":{"line":16,"column":59}},"6":{"start":{"line":20,"column":7},"end":{"line":48,"column":null}},"7":{"start":{"line":21,"column":22},"end":{"line":21,"column":39}},"8":{"start":{"line":25,"column":4},"end":{"line":25,"column":null}},"9":{"start":{"line":30,"column":4},"end":{"line":30,"column":null}},"10":{"start":{"line":35,"column":4},"end":{"line":35,"column":null}},"11":{"start":{"line":40,"column":4},"end":{"line":40,"column":null}},"12":{"start":{"line":46,"column":4},"end":{"line":46,"column":null}},"13":{"start":{"line":20,"column":13},"end":{"line":20,"column":31}},"14":{"start":{"line":24,"column":2},"end":{"line":26,"column":null}},"15":{"start":{"line":29,"column":2},"end":{"line":31,"column":null}},"16":{"start":{"line":34,"column":2},"end":{"line":36,"column":null}},"17":{"start":{"line":39,"column":2},"end":{"line":41,"column":null}},"18":{"start":{"line":45,"column":2},"end":{"line":47,"column":null}},"19":{"start":{"line":20,"column":13},"end":{"line":48,"column":null}}},"fnMap":{"0":{"name":"(anonymous_4)","decl":{"start":{"line":21,"column":2},"end":{"line":21,"column":22}},"loc":{"start":{"line":21,"column":54},"end":{"line":21,"column":58}}},"1":{"name":"(anonymous_5)","decl":{"start":{"line":24,"column":2},"end":{"line":24,"column":9}},"loc":{"start":{"line":24,"column":39},"end":{"line":26,"column":3}}},"2":{"name":"(anonymous_6)","decl":{"start":{"line":29,"column":2},"end":{"line":29,"column":9}},"loc":{"start":{"line":29,"column":64},"end":{"line":31,"column":3}}},"3":{"name":"(anonymous_7)","decl":{"start":{"line":34,"column":2},"end":{"line":34,"column":8}},"loc":{"start":{"line":34,"column":69},"end":{"line":36,"column":3}}},"4":{"name":"(anonymous_8)","decl":{"start":{"line":39,"column":2},"end":{"line":39,"column":8}},"loc":{"start":{"line":39,"column":94},"end":{"line":41,"column":3}}},"5":{"name":"(anonymous_9)","decl":{"start":{"line":45,"column":2},"end":{"line":45,"column":8}},"loc":{"start":{"line":45,"column":63},"end":{"line":47,"column":3}}}},"branchMap":{},"s":{"0":0,"1":0,"2":0,"3":0,"4":0,"5":0,"6":0,"7":0,"8":0,"9":0,"10":0,"11":0,"12":0,"13":0,"14":0,"15":0,"16":0,"17":0,"18":0,"19":0},"f":{"0":0,"1":0,"2":0,"3":0,"4":0,"5":0},"b":{}}
,"/Users/azzamydev/Library/frame/backend/src/features/projects/projects.service.ts": {"path":"/Users/azzamydev/Library/frame/backend/src/features/projects/projects.service.ts","statementMap":{"0":{"start":{"line":1,"column":0},"end":{"line":1,"column":62}},"1":{"start":{"line":2,"column":0},"end":{"line":2,"column":66}},"2":{"start":{"line":6,"column":7},"end":{"line":72,"column":null}},"3":{"start":{"line":7,"column":22},"end":{"line":7,"column":30}},"4":{"start":{"line":10,"column":21},"end":{"line":16,"column":6}},"5":{"start":{"line":17,"column":4},"end":{"line":26,"column":null}},"6":{"start":{"line":18,"column":37},"end":{"line":25,"column":8}},"7":{"start":{"line":30,"column":20},"end":{"line":38,"column":6}},"8":{"start":{"line":39,"column":4},"end":{"line":39,"column":null}},"9":{"start":{"line":39,"column":18},"end":{"line":39,"column":null}},"10":{"start":{"line":40,"column":4},"end":{"line":40,"column":null}},"11":{"start":{"line":44,"column":4},"end":{"line":50,"column":null}},"12":{"start":{"line":54,"column":4},"end":{"line":54,"column":null}},"13":{"start":{"line":55,"column":4},"end":{"line":59,"column":null}},"14":{"start":{"line":63,"column":4},"end":{"line":63,"column":null}},"15":{"start":{"line":64,"column":4},"end":{"line":64,"column":null}},"16":{"start":{"line":68,"column":20},"end":{"line":68,"column":93}},"17":{"start":{"line":69,"column":4},"end":{"line":69,"column":null}},"18":{"start":{"line":69,"column":18},"end":{"line":69,"column":null}},"19":{"start":{"line":70,"column":4},"end":{"line":70,"column":null}},"20":{"start":{"line":6,"column":13},"end":{"line":6,"column":28}},"21":{"start":{"line":6,"column":13},"end":{"line":72,"column":null}}},"fnMap":{"0":{"name":"(anonymous_2)","decl":{"start":{"line":7,"column":2},"end":{"line":7,"column":22}},"loc":{"start":{"line":7,"column":43},"end":{"line":7,"column":47}}},"1":{"name":"(anonymous_3)","decl":{"start":{"line":9,"column":2},"end":{"line":9,"column":7}},"loc":{"start":{"line":9,"column":30},"end":{"line":27,"column":3}}},"2":{"name":"(anonymous_4)","decl":{"start":{"line":18,"column":29},"end":{"line":18,"column":30}},"loc":{"start":{"line":18,"column":37},"end":{"line":25,"column":8}}},"3":{"name":"(anonymous_5)","decl":{"start":{"line":29,"column":2},"end":{"line":29,"column":7}},"loc":{"start":{"line":29,"column":49},"end":{"line":41,"column":3}}},"4":{"name":"(anonymous_6)","decl":{"start":{"line":43,"column":2},"end":{"line":43,"column":7}},"loc":{"start":{"line":43,"column":52},"end":{"line":51,"column":3}}},"5":{"name":"(anonymous_7)","decl":{"start":{"line":53,"column":2},"end":{"line":53,"column":7}},"loc":{"start":{"line":53,"column":62},"end":{"line":60,"column":3}}},"6":{"name":"(anonymous_8)","decl":{"start":{"line":62,"column":2},"end":{"line":62,"column":7}},"loc":{"start":{"line":62,"column":48},"end":{"line":65,"column":3}}},"7":{"name":"(anonymous_9)","decl":{"start":{"line":67,"column":2},"end":{"line":67,"column":7}},"loc":{"start":{"line":67,"column":57},"end":{"line":71,"column":3}}}},"branchMap":{"0":{"loc":{"start":{"line":39,"column":4},"end":{"line":39,"column":null}},"type":"if","locations":[{"start":{"line":39,"column":4},"end":{"line":39,"column":null}},{"start":{},"end":{}}]},"1":{"loc":{"start":{"line":69,"column":4},"end":{"line":69,"column":null}},"type":"if","locations":[{"start":{"line":69,"column":4},"end":{"line":69,"column":null}},{"start":{},"end":{}}]}},"s":{"0":1,"1":1,"2":1,"3":9,"4":2,"5":2,"6":1,"7":2,"8":2,"9":1,"10":1,"11":1,"12":2,"13":1,"14":2,"15":1,"16":4,"17":4,"18":2,"19":2,"20":1,"21":1},"f":{"0":9,"1":2,"2":1,"3":2,"4":1,"5":2,"6":2,"7":4},"b":{"0":[1,1],"1":[2,2]}}
,"/Users/azzamydev/Library/frame/backend/src/features/users/users.controller.ts": {"path":"/Users/azzamydev/Library/frame/backend/src/features/users/users.controller.ts","statementMap":{"0":{"start":{"line":1,"column":0},"end":{"line":1,"column":70}},"1":{"start":{"line":2,"column":0},"end":{"line":2,"column":49}},"2":{"start":{"line":3,"column":0},"end":{"line":3,"column":71}},"3":{"start":{"line":4,"column":0},"end":{"line":4,"column":46}},"4":{"start":{"line":5,"column":0},"end":{"line":5,"column":67}},"5":{"start":{"line":9,"column":7},"end":{"line":21,"column":null}},"6":{"start":{"line":10,"column":22},"end":{"line":10,"column":36}},"7":{"start":{"line":14,"column":4},"end":{"line":14,"column":null}},"8":{"start":{"line":19,"column":4},"end":{"line":19,"column":null}},"9":{"start":{"line":9,"column":13},"end":{"line":9,"column":28}},"10":{"start":{"line":13,"column":2},"end":{"line":15,"column":null}},"11":{"start":{"line":18,"column":2},"end":{"line":20,"column":null}},"12":{"start":{"line":9,"column":13},"end":{"line":21,"column":null}}},"fnMap":{"0":{"name":"(anonymous_4)","decl":{"start":{"line":10,"column":2},"end":{"line":10,"column":22}},"loc":{"start":{"line":10,"column":48},"end":{"line":10,"column":52}}},"1":{"name":"(anonymous_5)","decl":{"start":{"line":13,"column":2},"end":{"line":13,"column":4}},"loc":{"start":{"line":13,"column":34},"end":{"line":15,"column":3}}},"2":{"name":"(anonymous_6)","decl":{"start":{"line":18,"column":2},"end":{"line":18,"column":19}},"loc":{"start":{"line":18,"column":84},"end":{"line":20,"column":3}}}},"branchMap":{},"s":{"0":0,"1":0,"2":0,"3":0,"4":0,"5":0,"6":0,"7":0,"8":0,"9":0,"10":0,"11":0,"12":0},"f":{"0":0,"1":0,"2":0},"b":{}}
,"/Users/azzamydev/Library/frame/backend/src/features/users/users.service.ts": {"path":"/Users/azzamydev/Library/frame/backend/src/features/users/users.service.ts","statementMap":{"0":{"start":{"line":1,"column":0},"end":{"line":1,"column":62}},"1":{"start":{"line":2,"column":0},"end":{"line":2,"column":66}},"2":{"start":{"line":3,"column":0},"end":{"line":3,"column":47}},"3":{"start":{"line":6,"column":7},"end":{"line":22,"column":null}},"4":{"start":{"line":7,"column":22},"end":{"line":7,"column":30}},"5":{"start":{"line":10,"column":17},"end":{"line":10,"column":77}},"6":{"start":{"line":11,"column":4},"end":{"line":11,"column":null}},"7":{"start":{"line":11,"column":15},"end":{"line":11,"column":null}},"8":{"start":{"line":12,"column":4},"end":{"line":12,"column":null}},"9":{"start":{"line":16,"column":4},"end":{"line":20,"column":null}},"10":{"start":{"line":6,"column":13},"end":{"line":6,"column":25}},"11":{"start":{"line":6,"column":13},"end":{"line":22,"column":null}}},"fnMap":{"0":{"name":"(anonymous_2)","decl":{"start":{"line":7,"column":2},"end":{"line":7,"column":22}},"loc":{"start":{"line":7,"column":43},"end":{"line":7,"column":47}}},"1":{"name":"(anonymous_3)","decl":{"start":{"line":9,"column":2},"end":{"line":9,"column":7}},"loc":{"start":{"line":9,"column":29},"end":{"line":13,"column":3}}},"2":{"name":"(anonymous_4)","decl":{"start":{"line":15,"column":2},"end":{"line":15,"column":7}},"loc":{"start":{"line":15,"column":70},"end":{"line":21,"column":3}}}},"branchMap":{"0":{"loc":{"start":{"line":11,"column":4},"end":{"line":11,"column":null}},"type":"if","locations":[{"start":{"line":11,"column":4},"end":{"line":11,"column":null}},{"start":{},"end":{}}]}},"s":{"0":1,"1":1,"2":1,"3":1,"4":4,"5":2,"6":2,"7":1,"8":1,"9":2,"10":1,"11":1},"f":{"0":4,"1":2,"2":2},"b":{"0":[1,1]}}
,"/Users/azzamydev/Library/frame/backend/src/helpers/github.ts": {"path":"/Users/azzamydev/Library/frame/backend/src/helpers/github.ts","statementMap":{"0":{"start":{"line":9,"column":0},"end":{"line":9,"column":16}},"1":{"start":{"line":19,"column":0},"end":{"line":19,"column":7}},"2":{"start":{"line":36,"column":0},"end":{"line":36,"column":7}},"3":{"start":{"line":47,"column":0},"end":{"line":47,"column":7}},"4":{"start":{"line":10,"column":17},"end":{"line":15,"column":4}},"5":{"start":{"line":16,"column":2},"end":{"line":16,"column":null}},"6":{"start":{"line":20,"column":14},"end":{"line":29,"column":4}},"7":{"start":{"line":30,"column":2},"end":{"line":30,"column":null}},"8":{"start":{"line":30,"column":15},"end":{"line":30,"column":null}},"9":{"start":{"line":31,"column":15},"end":{"line":31,"column":31}},"10":{"start":{"line":32,"column":2},"end":{"line":32,"column":null}},"11":{"start":{"line":32,"column":26},"end":{"line":32,"column":null}},"12":{"start":{"line":33,"column":2},"end":{"line":33,"column":null}},"13":{"start":{"line":37,"column":14},"end":{"line":42,"column":4}},"14":{"start":{"line":43,"column":2},"end":{"line":43,"column":null}},"15":{"start":{"line":43,"column":15},"end":{"line":43,"column":null}},"16":{"start":{"line":44,"column":2},"end":{"line":44,"column":null}},"17":{"start":{"line":48,"column":14},"end":{"line":53,"column":4}},"18":{"start":{"line":54,"column":2},"end":{"line":54,"column":null}},"19":{"start":{"line":54,"column":15},"end":{"line":54,"column":null}},"20":{"start":{"line":55,"column":80},"end":{"line":55,"column":96}},"21":{"start":{"line":56,"column":2},"end":{"line":56,"column":null}},"22":{"start":{"line":56,"column":28},"end":{"line":56,"column":51}}},"fnMap":{"0":{"name":"buildGitHubAuthURL","decl":{"start":{"line":9,"column":16},"end":{"line":9,"column":34}},"loc":{"start":{"line":9,"column":48},"end":{"line":17,"column":1}}},"1":{"name":"exchangeGitHubCode","decl":{"start":{"line":19,"column":22},"end":{"line":19,"column":40}},"loc":{"start":{"line":19,"column":53},"end":{"line":34,"column":1}}},"2":{"name":"fetchGitHubUser","decl":{"start":{"line":36,"column":22},"end":{"line":36,"column":37}},"loc":{"start":{"line":36,"column":57},"end":{"line":45,"column":1}}},"3":{"name":"fetchGitHubPrimaryEmail","decl":{"start":{"line":47,"column":22},"end":{"line":47,"column":45}},"loc":{"start":{"line":47,"column":65},"end":{"line":57,"column":1}}},"4":{"name":"(anonymous_4)","decl":{"start":{"line":56,"column":21},"end":{"line":56,"column":22}},"loc":{"start":{"line":56,"column":28},"end":{"line":56,"column":51}}}},"branchMap":{"0":{"loc":{"start":{"line":30,"column":2},"end":{"line":30,"column":null}},"type":"if","locations":[{"start":{"line":30,"column":2},"end":{"line":30,"column":null}},{"start":{},"end":{}}]},"1":{"loc":{"start":{"line":32,"column":2},"end":{"line":32,"column":null}},"type":"if","locations":[{"start":{"line":32,"column":2},"end":{"line":32,"column":null}},{"start":{},"end":{}}]},"2":{"loc":{"start":{"line":43,"column":2},"end":{"line":43,"column":null}},"type":"if","locations":[{"start":{"line":43,"column":2},"end":{"line":43,"column":null}},{"start":{},"end":{}}]},"3":{"loc":{"start":{"line":54,"column":2},"end":{"line":54,"column":null}},"type":"if","locations":[{"start":{"line":54,"column":2},"end":{"line":54,"column":null}},{"start":{},"end":{}}]},"4":{"loc":{"start":{"line":56,"column":9},"end":{"line":56,"column":67}},"type":"binary-expr","locations":[{"start":{"line":56,"column":9},"end":{"line":56,"column":59}},{"start":{"line":56,"column":63},"end":{"line":56,"column":67}}]},"5":{"loc":{"start":{"line":56,"column":28},"end":{"line":56,"column":51}},"type":"binary-expr","locations":[{"start":{"line":56,"column":28},"end":{"line":56,"column":37}},{"start":{"line":56,"column":41},"end":{"line":56,"column":51}}]}},"s":{"0":1,"1":1,"2":1,"3":1,"4":0,"5":0,"6":0,"7":0,"8":0,"9":0,"10":0,"11":0,"12":0,"13":0,"14":0,"15":0,"16":0,"17":0,"18":0,"19":0,"20":0,"21":0,"22":0},"f":{"0":0,"1":0,"2":0,"3":0,"4":0},"b":{"0":[0,0],"1":[0,0],"2":[0,0],"3":[0,0],"4":[0,0],"5":[0,0]}}
,"/Users/azzamydev/Library/frame/backend/src/helpers/hash.ts": {"path":"/Users/azzamydev/Library/frame/backend/src/helpers/hash.ts","statementMap":{"0":{"start":{"line":6,"column":0},"end":{"line":6,"column":7}},"1":{"start":{"line":10,"column":0},"end":{"line":10,"column":7}},"2":{"start":{"line":14,"column":0},"end":{"line":14,"column":16}},"3":{"start":{"line":1,"column":0},"end":{"line":1,"column":34}},"4":{"start":{"line":2,"column":0},"end":{"line":2,"column":35}},"5":{"start":{"line":4,"column":22},"end":{"line":4,"column":24}},"6":{"start":{"line":7,"column":2},"end":{"line":7,"column":null}},"7":{"start":{"line":11,"column":2},"end":{"line":11,"column":null}},"8":{"start":{"line":15,"column":2},"end":{"line":15,"column":null}}},"fnMap":{"0":{"name":"hashPassword","decl":{"start":{"line":6,"column":22},"end":{"line":6,"column":34}},"loc":{"start":{"line":6,"column":51},"end":{"line":8,"column":1}}},"1":{"name":"verifyPassword","decl":{"start":{"line":10,"column":22},"end":{"line":10,"column":36}},"loc":{"start":{"line":10,"column":67},"end":{"line":12,"column":1}}},"2":{"name":"sha256","decl":{"start":{"line":14,"column":16},"end":{"line":14,"column":22}},"loc":{"start":{"line":14,"column":36},"end":{"line":16,"column":1}}}},"branchMap":{},"s":{"0":2,"1":2,"2":2,"3":2,"4":2,"5":2,"6":4,"7":2,"8":5},"f":{"0":4,"1":2,"2":5},"b":{}}
,"/Users/azzamydev/Library/frame/backend/src/helpers/jwt.ts": {"path":"/Users/azzamydev/Library/frame/backend/src/helpers/jwt.ts","statementMap":{"0":{"start":{"line":14,"column":0},"end":{"line":14,"column":16}},"1":{"start":{"line":22,"column":0},"end":{"line":22,"column":16}},"2":{"start":{"line":30,"column":0},"end":{"line":30,"column":16}},"3":{"start":{"line":34,"column":0},"end":{"line":34,"column":16}},"4":{"start":{"line":1,"column":0},"end":{"line":1,"column":35}},"5":{"start":{"line":15,"column":2},"end":{"line":19,"column":null}},"6":{"start":{"line":23,"column":2},"end":{"line":27,"column":null}},"7":{"start":{"line":31,"column":2},"end":{"line":31,"column":null}},"8":{"start":{"line":35,"column":2},"end":{"line":35,"column":null}}},"fnMap":{"0":{"name":"signAccessToken","decl":{"start":{"line":14,"column":16},"end":{"line":14,"column":31}},"loc":{"start":{"line":14,"column":46},"end":{"line":20,"column":1}}},"1":{"name":"signRefreshToken","decl":{"start":{"line":22,"column":16},"end":{"line":22,"column":32}},"loc":{"start":{"line":22,"column":64},"end":{"line":28,"column":1}}},"2":{"name":"verifyAccessToken","decl":{"start":{"line":30,"column":16},"end":{"line":30,"column":33}},"loc":{"start":{"line":30,"column":47},"end":{"line":32,"column":1}}},"3":{"name":"verifyRefreshToken","decl":{"start":{"line":34,"column":16},"end":{"line":34,"column":34}},"loc":{"start":{"line":34,"column":48},"end":{"line":36,"column":1}}}},"branchMap":{"0":{"loc":{"start":{"line":18,"column":17},"end":{"line":18,"column":59}},"type":"binary-expr","locations":[{"start":{"line":18,"column":17},"end":{"line":18,"column":50}},{"start":{"line":18,"column":54},"end":{"line":18,"column":59}}]},"1":{"loc":{"start":{"line":26,"column":17},"end":{"line":26,"column":59}},"type":"binary-expr","locations":[{"start":{"line":26,"column":17},"end":{"line":26,"column":51}},{"start":{"line":26,"column":55},"end":{"line":26,"column":59}}]}},"s":{"0":3,"1":3,"2":3,"3":3,"4":3,"5":8,"6":12,"7":6,"8":11},"f":{"0":8,"1":12,"2":6,"3":11},"b":{"0":[8,0],"1":[12,0]}}
,"/Users/azzamydev/Library/frame/backend/src/helpers/user.ts": {"path":"/Users/azzamydev/Library/frame/backend/src/helpers/user.ts","statementMap":{"0":{"start":{"line":3,"column":0},"end":{"line":3,"column":16}},"1":{"start":{"line":4,"column":2},"end":{"line":12,"column":null}}},"fnMap":{"0":{"name":"formatUser","decl":{"start":{"line":3,"column":16},"end":{"line":3,"column":26}},"loc":{"start":{"line":3,"column":37},"end":{"line":13,"column":1}}}},"branchMap":{},"s":{"0":2,"1":3},"f":{"0":3},"b":{}}
}
