TN:
SF:src/config/prisma/prisma.service.ts
FN:7,(anonymous_2)
FN:15,(anonymous_3)
FNF:2
FNH:0
FNDA:0,(anonymous_2)
FNDA:0,(anonymous_3)
DA:1,4
DA:2,4
DA:3,4
DA:6,4
DA:8,0
DA:9,0
DA:10,0
DA:16,0
LF:8
LH:4
BRDA:9,0,0,0
BRDA:9,0,1,0
BRF:2
BRH:0
end_of_record
TN:
SF:src/features/auth/auth.controller.ts
FN:24,(anonymous_4)
FN:27,(anonymous_5)
FN:33,(anonymous_6)
FN:39,(anonymous_7)
FN:46,(anonymous_8)
FN:51,(anonymous_9)
FN:58,(anonymous_10)
FNF:7
FNH:0
FNDA:0,(anonymous_4)
FNDA:0,(anonymous_5)
FNDA:0,(anonymous_6)
FNDA:0,(anonymous_7)
FNDA:0,(anonymous_8)
FNDA:0,(anonymous_9)
FNDA:0,(anonymous_10)
DA:1,0
DA:13,0
DA:14,0
DA:15,0
DA:16,0
DA:17,0
DA:18,0
DA:19,0
DA:20,0
DA:23,0
DA:24,0
DA:27,0
DA:28,0
DA:33,0
DA:34,0
DA:39,0
DA:40,0
DA:46,0
DA:47,0
DA:51,0
DA:52,0
DA:53,0
DA:54,0
DA:58,0
DA:64,0
DA:65,0
DA:67,0
DA:68,0
DA:71,0
DA:72,0
DA:73,0
DA:74,0
DA:76,0
LF:33
LH:0
BRDA:67,0,0,0
BRDA:67,0,1,0
BRDA:67,1,0,0
BRDA:67,1,1,0
BRDA:67,1,2,0
BRF:5
BRH:0
end_of_record
TN:
SF:src/features/auth/auth.guard.ts
FN:11,(anonymous_1)
FNF:1
FNH:1
FNDA:5,(anonymous_1)
DA:1,1
DA:7,1
DA:10,1
DA:12,5
DA:13,5
DA:14,5
DA:15,2
DA:17,3
DA:18,3
DA:19,3
DA:20,1
DA:21,1
DA:23,2
LF:13
LH:13
BRDA:13,0,0,5
BRDA:13,0,1,1
BRDA:14,1,0,2
BRDA:14,1,1,3
BRF:4
BRH:4
end_of_record
TN:
SF:src/features/auth/auth.service.ts
FN:17,(anonymous_2)
FN:19,(anonymous_3)
FN:30,(anonymous_4)
FN:48,(anonymous_5)
FN:59,(anonymous_6)
FN:89,(anonymous_7)
FN:102,(anonymous_8)
FNF:7
FNH:7
FNDA:16,(anonymous_2)
FNDA:5,(anonymous_3)
FNDA:2,(anonymous_4)
FNDA:4,(anonymous_5)
FNDA:5,(anonymous_6)
FNDA:3,(anonymous_7)
FNDA:2,(anonymous_8)
DA:1,1
DA:2,1
DA:3,1
DA:4,1
DA:5,1
DA:6,1
DA:13,1
DA:16,1
DA:17,16
DA:20,5
DA:27,5
DA:31,2
DA:32,2
DA:34,1
DA:35,1
DA:40,1
DA:45,1
DA:49,4
DA:50,4
DA:52,2
DA:53,2
DA:55,1
DA:56,1
DA:61,5
DA:62,5
DA:64,1
DA:67,4
DA:69,4
DA:71,3
DA:72,3
DA:77,3
DA:81,1
DA:86,1
DA:90,3
DA:91,3
DA:92,2
DA:93,1
DA:103,2
DA:106,2
DA:111,2
DA:114,2
DA:115,2
DA:116,1
DA:121,2
DA:123,1
DA:135,1
DA:136,1
DA:138,1
DA:148,1
DA:152,1
DA:155,2
LF:51
LH:51
BRDA:32,0,0,1
BRDA:32,0,1,1
BRDA:50,1,0,2
BRDA:50,1,1,2
BRDA:50,2,0,4
BRDA:50,2,1,3
BRDA:53,3,0,1
BRDA:53,3,1,1
BRDA:69,4,0,3
BRDA:69,4,1,1
BRDA:69,5,0,4
BRDA:69,5,1,4
BRDA:69,5,2,3
BRDA:69,5,3,2
BRDA:71,6,0,3
BRDA:71,6,1,0
BRDA:92,7,0,1
BRDA:92,7,1,1
BRDA:111,8,0,2
BRDA:111,8,1,0
BRDA:115,9,0,1
BRDA:115,9,1,1
BRDA:115,10,0,2
BRDA:115,10,1,1
BRDA:121,11,0,1
BRDA:121,11,1,1
BRDA:130,12,0,1
BRDA:130,12,1,0
BRF:28
BRH:25
end_of_record
TN:
SF:src/features/auth/decorators/current-user.decorator.ts
FN:4,(anonymous_0)
FNF:1
FNH:0
FNDA:0,(anonymous_0)
DA:1,0
DA:3,0
DA:5,0
DA:6,0
LF:4
LH:0
BRF:0
BRH:0
end_of_record
TN:
SF:src/features/diagrams/diagrams.controller.ts
FN:23,(anonymous_4)
FN:26,(anonymous_5)
FN:31,(anonymous_6)
FN:40,(anonymous_7)
FN:49,(anonymous_8)
FN:59,(anonymous_9)
FN:70,(anonymous_10)
FNF:7
FNH:0
FNDA:0,(anonymous_4)
FNDA:0,(anonymous_5)
FNDA:0,(anonymous_6)
FNDA:0,(anonymous_7)
FNDA:0,(anonymous_8)
FNDA:0,(anonymous_9)
FNDA:0,(anonymous_10)
DA:1,0
DA:13,0
DA:14,0
DA:15,0
DA:16,0
DA:17,0
DA:18,0
DA:22,0
DA:23,0
DA:26,0
DA:27,0
DA:31,0
DA:36,0
DA:40,0
DA:45,0
DA:49,0
DA:55,0
DA:59,0
DA:65,0
DA:70,0
DA:75,0
LF:21
LH:0
BRF:0
BRH:0
end_of_record
TN:
SF:src/features/diagrams/diagrams.service.ts
FN:8,(anonymous_2)
FN:11,(anonymous_3)
FN:19,(anonymous_4)
FN:28,(anonymous_5)
FN:32,(anonymous_6)
FN:41,(anonymous_7)
FN:46,(anonymous_8)
FN:52,(anonymous_9)
FN:61,(anonymous_10)
FNF:9
FNH:9
FNDA:14,(anonymous_2)
FNDA:9,(anonymous_3)
FNDA:2,(anonymous_4)
FNDA:2,(anonymous_5)
FNDA:3,(anonymous_6)
FNDA:3,(anonymous_7)
FNDA:3,(anonymous_8)
FNDA:2,(anonymous_9)
FNDA:2,(anonymous_10)
DA:1,1
DA:2,1
DA:7,1
DA:8,14
DA:12,9
DA:15,9
DA:16,5
DA:20,2
DA:25,2
DA:29,2
DA:33,3
DA:34,3
DA:36,2
DA:42,3
DA:45,2
DA:46,3
DA:49,2
DA:53,2
DA:54,1
DA:62,2
DA:63,1
LF:21
LH:21
BRDA:15,0,0,4
BRDA:15,0,1,5
BRDA:34,1,0,1
BRDA:34,1,1,2
BRDA:37,2,0,2
BRDA:37,2,1,1
BRF:6
BRH:6
end_of_record
TN:
SF:src/features/projects/projects.controller.ts
FN:21,(anonymous_4)
FN:24,(anonymous_5)
FN:29,(anonymous_6)
FN:34,(anonymous_7)
FN:39,(anonymous_8)
FN:45,(anonymous_9)
FNF:6
FNH:0
FNDA:0,(anonymous_4)
FNDA:0,(anonymous_5)
FNDA:0,(anonymous_6)
FNDA:0,(anonymous_7)
FNDA:0,(anonymous_8)
FNDA:0,(anonymous_9)
DA:1,0
DA:12,0
DA:13,0
DA:14,0
DA:15,0
DA:16,0
DA:20,0
DA:21,0
DA:24,0
DA:25,0
DA:29,0
DA:30,0
DA:34,0
DA:35,0
DA:39,0
DA:40,0
DA:45,0
DA:46,0
LF:18
LH:0
BRF:0
BRH:0
end_of_record
TN:
SF:src/features/projects/projects.service.ts
FN:7,(anonymous_2)
FN:9,(anonymous_3)
FN:18,(anonymous_4)
FN:29,(anonymous_5)
FN:43,(anonymous_6)
FN:53,(anonymous_7)
FN:62,(anonymous_8)
FN:67,(anonymous_9)
FNF:8
FNH:8
FNDA:9,(anonymous_2)
FNDA:2,(anonymous_3)
FNDA:1,(anonymous_4)
FNDA:2,(anonymous_5)
FNDA:1,(anonymous_6)
FNDA:2,(anonymous_7)
FNDA:2,(anonymous_8)
FNDA:4,(anonymous_9)
DA:1,1
DA:2,1
DA:6,1
DA:7,9
DA:10,2
DA:17,2
DA:18,1
DA:30,2
DA:39,2
DA:40,1
DA:44,1
DA:54,2
DA:55,1
DA:63,2
DA:64,1
DA:68,4
DA:69,4
DA:70,2
LF:18
LH:18
BRDA:39,0,0,1
BRDA:39,0,1,1
BRDA:69,1,0,2
BRDA:69,1,1,2
BRF:4
BRH:4
end_of_record
TN:
SF:src/features/users/users.controller.ts
FN:10,(anonymous_4)
FN:13,(anonymous_5)
FN:18,(anonymous_6)
FNF:3
FNH:0
FNDA:0,(anonymous_4)
FNDA:0,(anonymous_5)
FNDA:0,(anonymous_6)
DA:1,0
DA:2,0
DA:3,0
DA:4,0
DA:5,0
DA:9,0
DA:10,0
DA:13,0
DA:14,0
DA:18,0
DA:19,0
LF:11
LH:0
BRF:0
BRH:0
end_of_record
TN:
SF:src/features/users/users.service.ts
FN:7,(anonymous_2)
FN:9,(anonymous_3)
FN:15,(anonymous_4)
FNF:3
FNH:3
FNDA:4,(anonymous_2)
FNDA:2,(anonymous_3)
FNDA:2,(anonymous_4)
DA:1,1
DA:2,1
DA:3,1
DA:6,1
DA:7,4
DA:10,2
DA:11,2
DA:12,1
DA:16,2
LF:9
LH:9
BRDA:11,0,0,1
BRDA:11,0,1,1
BRF:2
BRH:2
end_of_record
TN:
SF:src/helpers/github.ts
FN:9,buildGitHubAuthURL
FN:19,exchangeGitHubCode
FN:36,fetchGitHubUser
FN:47,fetchGitHubPrimaryEmail
FN:56,(anonymous_4)
FNF:5
FNH:0
FNDA:0,buildGitHubAuthURL
FNDA:0,exchangeGitHubCode
FNDA:0,fetchGitHubUser
FNDA:0,fetchGitHubPrimaryEmail
FNDA:0,(anonymous_4)
DA:9,1
DA:10,0
DA:16,0
DA:19,1
DA:20,0
DA:30,0
DA:31,0
DA:32,0
DA:33,0
DA:36,1
DA:37,0
DA:43,0
DA:44,0
DA:47,1
DA:48,0
DA:54,0
DA:55,0
DA:56,0
LF:18
LH:4
BRDA:30,0,0,0
BRDA:30,0,1,0
BRDA:32,1,0,0
BRDA:32,1,1,0
BRDA:43,2,0,0
BRDA:43,2,1,0
BRDA:54,3,0,0
BRDA:54,3,1,0
BRDA:56,4,0,0
BRDA:56,4,1,0
BRDA:56,5,0,0
BRDA:56,5,1,0
BRF:12
BRH:0
end_of_record
TN:
SF:src/helpers/hash.ts
FN:6,hashPassword
FN:10,verifyPassword
FN:14,sha256
FNF:3
FNH:3
FNDA:4,hashPassword
FNDA:2,verifyPassword
FNDA:5,sha256
DA:1,2
DA:2,2
DA:4,2
DA:6,2
DA:7,4
DA:10,2
DA:11,2
DA:14,2
DA:15,5
LF:9
LH:9
BRF:0
BRH:0
end_of_record
TN:
SF:src/helpers/jwt.ts
FN:14,signAccessToken
FN:22,signRefreshToken
FN:30,verifyAccessToken
FN:34,verifyRefreshToken
FNF:4
FNH:4
FNDA:8,signAccessToken
FNDA:12,signRefreshToken
FNDA:6,verifyAccessToken
FNDA:11,verifyRefreshToken
DA:1,3
DA:14,3
DA:15,8
DA:22,3
DA:23,12
DA:30,3
DA:31,6
DA:34,3
DA:35,11
LF:9
LH:9
BRDA:18,0,0,8
BRDA:18,0,1,0
BRDA:26,1,0,12
BRDA:26,1,1,0
BRF:4
BRH:2
end_of_record
TN:
SF:src/helpers/user.ts
FN:3,formatUser
FNF:1
FNH:1
FNDA:3,formatUser
DA:3,2
DA:4,3
LF:2
LH:2
BRF:0
BRH:0
end_of_record
